<?xml version="1.0" encoding="UTF-8"?>
<testng-results skipped="0" failed="0" total="2" passed="2">
  <reporter-output>
  </reporter-output>
  <suite name="Acceptance Suite" duration-ms="19046" started-at="2015-03-30T10:04:46Z" finished-at="2015-03-30T10:05:05Z">
    <groups>
    </groups>
    <test name="Check Wikipedia" duration-ms="12195" started-at="2015-03-30T10:04:53Z" finished-at="2015-03-30T10:05:05Z">
      <class name="com.tests.acceptance.SimpleTest2">
        <test-method status="PASS" signature="startUp()" name="startUp" is-config="true" duration-ms="3339" started-at="2015-03-30T10:04:53Z" finished-at="2015-03-30T10:04:57Z">
        </test-method>
        <test-method status="PASS" signature="wikipediaCheck()" name="wikipediaCheck" duration-ms="8766" started-at="2015-03-30T10:04:57Z" finished-at="2015-03-30T10:05:05Z">
        </test-method>
        <test-method status="PASS" signature="tearDown()" name="tearDown" is-config="true" duration-ms="87" started-at="2015-03-30T10:05:05Z" finished-at="2015-03-30T10:05:05Z">
        </test-method>
      </class>
    </test>
    <test name="Assert DuckDuckGo" duration-ms="6834" started-at="2015-03-30T10:04:46Z" finished-at="2015-03-30T10:04:53Z">
      <class name="com.tests.acceptance.SimpleTest">
        <test-method status="PASS" signature="startUp()" name="startUp" is-config="true" duration-ms="5261" started-at="2015-03-30T10:04:46Z" finished-at="2015-03-30T10:04:52Z">
        </test-method>
        <test-method status="PASS" signature="runSimpleTest()" name="runSimpleTest" duration-ms="1528" started-at="2015-03-30T10:04:52Z" finished-at="2015-03-30T10:04:53Z">
        </test-method>
        <test-method status="PASS" signature="tearDown()" name="tearDown" is-config="true" duration-ms="25" started-at="2015-03-30T10:04:53Z" finished-at="2015-03-30T10:04:53Z">
        </test-method>
      </class>
    </test>
  </suite>
</testng-results>
